<?xml version="1.0" encoding="UTF-8"?>
<robot generator="Robot 7.3.2 (Python 3.13.7 on win32)" generated="2025-09-30T22:07:36.800955" rpa="false" schemaversion="5">
<suite id="s1" name="CRUD test" source="D:\robotframework\CRUD_test">
<suite id="s1-s1" name="Crud" source="D:\robotframework\CRUD_test\crud.robot">
<kw name="Create Test User" type="SETUP">
<kw name="Create Session" owner="RequestsLibrary">
<msg time="2025-09-30T22:07:37.054956" level="INFO">Creating Session using : alias=my_session, url=https://aod-fontend.pages.dev/api, headers={},                     cookies={}, auth=None, timeout=None, proxies=None, verify=False,                     debug=0 </msg>
<arg>my_session</arg>
<arg>${BASE_URL}</arg>
<doc>Create Session: create a HTTP session to a server</doc>
<status status="PASS" start="2025-09-30T22:07:37.054674" elapsed="0.000491"/>
</kw>
<kw name="Create Dictionary" owner="BuiltIn">
<msg time="2025-09-30T22:07:37.055590" level="INFO">${headers} = {'Content-Type': 'application/json'}</msg>
<var>${headers}</var>
<arg>Content-Type=application/json</arg>
<doc>Creates and returns a dictionary based on the given ``items``.</doc>
<status status="PASS" start="2025-09-30T22:07:37.055315" elapsed="0.000308"/>
</kw>
<kw name="Create Dictionary" owner="BuiltIn">
<msg time="2025-09-30T22:07:37.055910" level="INFO">${payload} = {'name': 'John Doe', 'email': 'john.doe@example.com'}</msg>
<var>${payload}</var>
<arg>name=John Doe</arg>
<arg>email=john.doe@example.com</arg>
<doc>Creates and returns a dictionary based on the given ``items``.</doc>
<status status="PASS" start="2025-09-30T22:07:37.055732" elapsed="0.000206"/>
</kw>
<kw name="POST On Session" owner="RequestsLibrary">
<msg time="2025-09-30T22:07:37.183747" level="INFO">POST Request : url=https://aod-fontend.pages.dev/api/ 
 path_url=/api/ 
 headers={'User-Agent': 'python-requests/2.32.5', 'Accept-Encoding': 'gzip, deflate', 'Accept': '*/*', 'Connection': 'keep-alive', 'Content-Type': 'application/json', 'Content-Length': '53'} 
 body=b'{"name": "John Doe", "email": "john.doe@example.com"}' 
 </msg>
<msg time="2025-09-30T22:07:37.183833" level="INFO">POST Response : url=https://aod-fontend.pages.dev/api/ 
 status=405, reason=Method Not Allowed 
 headers={'Date': 'Tue, 30 Sep 2025 15:07:38 GMT', 'Content-Length': '0', 'Connection': 'keep-alive', 'Access-Control-Allow-Origin': '*', 'referrer-policy': 'strict-origin-when-cross-origin', 'Vary': 'accept-encoding', 'Report-To': '{"group":"cf-nel","max_age":604800,"endpoints":[{"url":"https://a.nel.cloudflare.com/report/v4?s=7THcFPuZ8TVZRQJRo%2FbWyuRWQ8lKNan7hQV0Qf5d%2BMp370hv2Tkg4HybfygiXZwkTqQJexQRQ93jObMMq81Kg9mMHi%2FzzEcN1dLuC%2BrWiqgBhs%2F7EqLvsie1H%2Fm9orU%3D"}]}', 'Nel': '{"report_to":"cf-nel","success_fraction":0.0,"max_age":604800}', 'Server': 'cloudflare', 'CF-RAY': '9874a18b8a722709-BKK', 'alt-svc': 'h3=":443"; ma=86400'} 
 body=None 
 </msg>
<msg time="2025-09-30T22:07:37.184047" level="INFO">D:\robotframework\venv\Lib\site-packages\urllib3\connectionpool.py:1097: InsecureRequestWarning: Unverified HTTPS request is being made to host 'aod-fontend.pages.dev'. Adding certificate verification is strongly advised. See: https://urllib3.readthedocs.io/en/latest/advanced-usage.html#tls-warnings
  warnings.warn(</msg>
<msg time="2025-09-30T22:07:37.184593" level="FAIL">HTTPError: 405 Client Error: Method Not Allowed for url: https://aod-fontend.pages.dev/api/</msg>
<var>${response}</var>
<arg>my_session</arg>
<arg>/</arg>
<arg>json=${payload}</arg>
<arg>headers=${headers}</arg>
<doc>Sends a POST request on a previously created HTTP Session.</doc>
<status status="FAIL" start="2025-09-30T22:07:37.056034" elapsed="0.131614">HTTPError: 405 Client Error: Method Not Allowed for url: https://aod-fontend.pages.dev/api/</status>
</kw>
<kw name="Log To Console" owner="BuiltIn">
<arg>${response.json()}</arg>
<doc>Logs the given message to the console.</doc>
<status status="NOT RUN" start="2025-09-30T22:07:37.187852" elapsed="0.000051"/>
</kw>
<kw name="Should Be Equal As Integers" owner="BuiltIn">
<arg>${response.status_code}</arg>
<arg>201</arg>
<doc>Fails if objects are unequal after converting them to integers.</doc>
<status status="NOT RUN" start="2025-09-30T22:07:37.188005" elapsed="0.000020"/>
</kw>
<kw name="Get Value From Json">
<var>${user_id}</var>
<arg>${response.json()}</arg>
<arg>id</arg>
<status status="NOT RUN" start="2025-09-30T22:07:37.188233" elapsed="0.000042"/>
</kw>
<kw name="Set Suite Variable" owner="BuiltIn">
<arg>${user_id}</arg>
<doc>Makes a variable available everywhere within the scope of the current suite.</doc>
<status status="NOT RUN" start="2025-09-30T22:07:37.188451" elapsed="0.000040"/>
</kw>
<doc>ฟังก์ชันนี้จะรันอัตโนมัติก่อน test case ทุกตัว</doc>
<status status="FAIL" start="2025-09-30T22:07:37.054242" elapsed="0.134398">HTTPError: 405 Client Error: Method Not Allowed for url: https://aod-fontend.pages.dev/api/</status>
</kw>
<test id="s1-s1-t1" name="Read User" line="10">
<doc>อ่านข้อมูล user ที่ถูกสร้างใน Suite Setup</doc>
<status status="FAIL" start="2025-09-30T22:07:37.188823" elapsed="0.000792">Parent suite setup failed:
HTTPError: 405 Client Error: Method Not Allowed for url: https://aod-fontend.pages.dev/api/</status>
</test>
<test id="s1-s1-t2" name="Update User" line="15">
<doc>อัปเดตข้อมูล user</doc>
<status status="FAIL" start="2025-09-30T22:07:37.190960" elapsed="0.000904">Parent suite setup failed:
HTTPError: 405 Client Error: Method Not Allowed for url: https://aod-fontend.pages.dev/api/</status>
</test>
<test id="s1-s1-t3" name="Delete User" line="22">
<doc>ลบ user</doc>
<status status="FAIL" start="2025-09-30T22:07:37.193257" elapsed="0.000500">Parent suite setup failed:
HTTPError: 405 Client Error: Method Not Allowed for url: https://aod-fontend.pages.dev/api/</status>
</test>
<status status="FAIL" start="2025-09-30T22:07:36.849695" elapsed="0.346058">Suite setup failed:
HTTPError: 405 Client Error: Method Not Allowed for url: https://aod-fontend.pages.dev/api/</status>
</suite>
<status status="FAIL" start="2025-09-30T22:07:36.803471" elapsed="0.394100"/>
</suite>
<statistics>
<total>
<stat pass="0" fail="3" skip="0">All Tests</stat>
</total>
<tag>
</tag>
<suite>
<stat name="CRUD test" id="s1" pass="0" fail="3" skip="0">CRUD test</stat>
<stat name="Crud" id="s1-s1" pass="0" fail="3" skip="0">CRUD test.Crud</stat>
</suite>
</statistics>
<errors>
<msg time="2025-09-30T22:07:37.051885" level="ERROR">Error in file 'D:\robotframework\CRUD_test\crud.robot' on line 3: Importing library 'JSONLibrary' failed: ModuleNotFoundError: No module named 'JSONLibrary'
Traceback (most recent call last):
  None
PYTHONPATH:
  D:\robotframework\venv\Scripts\robot.exe
  C:\Users\WIN10\AppData\Local\Programs\Python\Python313\python313.zip
  C:\Users\WIN10\AppData\Local\Programs\Python\Python313\DLLs
  C:\Users\WIN10\AppData\Local\Programs\Python\Python313\Lib
  C:\Users\WIN10\AppData\Local\Programs\Python\Python313
  D:\robotframework\venv
  D:\robotframework\venv\Lib\site-packages</msg>
</errors>
</robot>
